<?xml version="1.0" encoding="UTF-8"?>
<!-- Generated by org.testng.reporters.JUnitReportReporter -->
<testsuite hostname="Mds-MacBook-Air.lan1" failures="0" tests="1" name="stepDefinitions.TestRunner" time="10.825" errors="0" timestamp="2021-03-19T04:00:43 EDT" skipped="0">
  <testcase classname="stepDefinitions.TestRunner" name="runScenario" time="10.825"/>
  <system-out/>
</testsuite> <!-- stepDefinitions.TestRunner -->
